2016-04-01 12:18:44,000 INFO  [org.alfresco.web.config.packaging.ModulePackageManager] [localhost-startStop-1] Found 2 module package(s)
2016-04-01 12:18:44,002 INFO  [org.alfresco.web.config.packaging.ModulePackageManager] [localhost-startStop-1] simple-aikau-project AMP project, 1.0-SNAPSHOT, Manages the lifecycle of the simple-aikau-project AMP (Alfresco Module Package)
simple-aikau-project AMP project, 1.0-SNAPSHOT, Manages the lifecycle of the simple-aikau-project AMP (Alfresco Module Package)

2016-04-01 12:18:44,471 INFO  [org.springframework.extensions.webscripts.TemplateProcessorRegistry] [localhost-startStop-1] Registered template processor freemarker for extension ftl
2016-04-01 12:18:44,474 INFO  [org.springframework.extensions.webscripts.ScriptProcessorRegistry] [localhost-startStop-1] Registered script processor javascript for extension js
2016-04-01 12:18:44,475 INFO  [org.springframework.extensions.webscripts.TemplateProcessorRegistry] [localhost-startStop-1] Registered template processor freemarker for extension ftl
2016-04-01 12:18:44,476 INFO  [org.springframework.extensions.webscripts.ScriptProcessorRegistry] [localhost-startStop-1] Registered script processor javascript for extension js
2016-04-01 12:18:47,436 INFO  [org.springframework.extensions.webscripts.DeclarativeRegistry] [localhost-startStop-1] Registered 383 Web Scripts (+0 failed), 401 URLs
2016-04-01 12:18:47,436 INFO  [org.springframework.extensions.webscripts.DeclarativeRegistry] [localhost-startStop-1] Registered 8 Package Description Documents (+0 failed) 
2016-04-01 12:18:47,436 INFO  [org.springframework.extensions.webscripts.DeclarativeRegistry] [localhost-startStop-1] Registered 0 Schema Description Documents (+0 failed) 
2016-04-01 12:18:47,506 INFO  [org.springframework.extensions.webscripts.AbstractRuntimeContainer] [localhost-startStop-1] Initialised Spring Surf Container Web Script Container (in 3015.951ms)
2016-04-01 12:18:47,508 INFO  [org.springframework.extensions.webscripts.TemplateProcessorRegistry] [localhost-startStop-1] Registered template processor freemarker for extension ftl
2016-04-01 12:18:47,509 INFO  [org.springframework.extensions.webscripts.ScriptProcessorRegistry] [localhost-startStop-1] Registered script processor javascript for extension js
2016-04-01 12:18:47,613 WARN  [org.apache.myfaces.shared_impl.util.LocaleUtils] [localhost-startStop-1] Locale name in faces-config.xml null or empty, setting locale to default locale : en_US
2016-04-01 12:19:05,684 INFO  [org.alfresco.web.site.EditionInterceptor] [http-bio-8081-exec-1] Successfully retrieved license information from Alfresco.
2016-04-01 12:19:12,914 ERROR [org.springframework.extensions.surf.DependencyAggregator] [http-bio-8081-exec-6] Could not find compressed file: /com/example/DataList.js
2016-04-01 12:19:30,376 ERROR [org.springframework.extensions.surf.DependencyAggregator] [http-bio-8081-exec-6] Could not find compressed file: /com/example/DataList.js
2016-04-01 12:20:13,778 ERROR [org.springframework.extensions.surf.DependencyAggregator] [http-bio-8081-exec-11] Could not find compressed file: /com/example/DataList.js
2016-04-01 12:20:21,671 ERROR [org.springframework.extensions.surf.DependencyAggregator] [http-bio-8081-exec-1] Could not find compressed file: /com/example/DataList.js
2016-04-01 12:20:21,671 ERROR [org.springframework.extensions.surf.DependencyAggregator] [http-bio-8081-exec-6] Could not find compressed file: /com/example/DataList.js
